<?xml version="1.0" encoding="UTF-8"?>
<!-- Generated by org.testng.reporters.JUnitXMLReporter -->
<testsuite ignored="0" hostname="DESKTOP-K07O5M6" failures="1" tests="10" name="Test" time="0.129" errors="0" timestamp="2023-05-07T20:41:47 IST">
  <testcase classname="PackageOne.testCase1Test" name="day1" time="0.009"/>
  <testcase classname="PackageOne.testCase1Test" name="day2" time="0.001"/>
  <testcase classname="PackageOne.DataProvider" name="Data" time="0.002"/>
  <testcase classname="PackageOne.DataProvider" name="Data" time="0.003"/>
  <testcase classname="PackageOne.DataProvider" name="Data" time="0.004"/>
  <testcase classname="PackageOne.testCase2" name="day3" time="0.003"/>
  <testcase classname="PackageOne.testCase2" name="day4" time="0.008">
    <failure type="java.lang.AssertionError" message="expected [true] but found [false]">
      <![CDATA[java.lang.AssertionError: expected [true] but found [false]
at PackageOne.testCase2.day4(testCase2.java:26)
at java.base/java.util.ArrayList.forEach(ArrayList.java:1511)
... Removed 31 stack frames]]>
    </failure>
  </testcase> <!-- day4 -->
  <testcase classname="PackageOne.testCase2" name="week5" time="0.001"/>
  <testcase classname="PackageOne.testCase2" name="week6" time="0.002"/>
  <testcase classname="PackageOne.FirstTestCase" name="Demo" time="0.002"/>
</testsuite> <!-- Test -->
