<?xml version="1.0" encoding="UTF-8"?>
<testng-results ignored="0" total="1" passed="1" failed="0" skipped="0">
  <reporter-output>
  </reporter-output>
  <suite started-at="2023-05-07T22:57:39 IST" name="Default suite" finished-at="2023-05-07T22:57:39 IST" duration-ms="76">
    <groups>
    </groups>
    <test started-at="2023-05-07T22:57:39 IST" name="Default test" finished-at="2023-05-07T22:57:39 IST" duration-ms="76">
      <class name="PackageOne.ClassOne">
        <test-method signature="Answer()[pri:0, instance:PackageOne.ClassOne@26e356f0]" started-at="2023-05-07T22:57:39 IST" name="Answer" finished-at="2023-05-07T22:57:39 IST" duration-ms="15" status="PASS">
          <reporter-output>
          </reporter-output>
        </test-method> <!-- Answer -->
      </class> <!-- PackageOne.ClassOne -->
    </test> <!-- Default test -->
  </suite> <!-- Default suite -->
</testng-results>
